2020-10-22 10:19:35,195 INFO  org.apache.flink.client.CliFrontend                           - --------------------------------------------------------------------------------
2020-10-22 10:19:35,196 INFO  org.apache.flink.client.CliFrontend                           -  Starting Command Line Client (Version: 1.1.1, Rev:61bfb36, Date:09.08.2016 @ 12:09:08 UTC)
2020-10-22 10:19:35,196 INFO  org.apache.flink.client.CliFrontend                           -  Current user: root
2020-10-22 10:19:35,197 INFO  org.apache.flink.client.CliFrontend                           -  JVM: Java HotSpot(TM) 64-Bit Server VM - Oracle Corporation - 1.8/25.211-b12
2020-10-22 10:19:35,197 INFO  org.apache.flink.client.CliFrontend                           -  Maximum heap size: 14242 MiBytes
2020-10-22 10:19:35,197 INFO  org.apache.flink.client.CliFrontend                           -  JAVA_HOME: (not set)
2020-10-22 10:19:35,199 INFO  org.apache.flink.client.CliFrontend                           -  Hadoop version: 2.7.2
2020-10-22 10:19:35,199 INFO  org.apache.flink.client.CliFrontend                           -  JVM Options:
2020-10-22 10:19:35,199 INFO  org.apache.flink.client.CliFrontend                           -     -Dlog.file=/home/liuke/flink-1.1.1/log/flink-root-client-dl12.log
2020-10-22 10:19:35,199 INFO  org.apache.flink.client.CliFrontend                           -     -Dlog4j.configuration=file:/home/liuke/flink-1.1.1/conf/log4j-cli.properties
2020-10-22 10:19:35,199 INFO  org.apache.flink.client.CliFrontend                           -     -Dlogback.configurationFile=file:/home/liuke/flink-1.1.1/conf/logback.xml
2020-10-22 10:19:35,199 INFO  org.apache.flink.client.CliFrontend                           -  Program Arguments:
2020-10-22 10:19:35,199 INFO  org.apache.flink.client.CliFrontend                           -     run
2020-10-22 10:19:35,199 INFO  org.apache.flink.client.CliFrontend                           -     --class
2020-10-22 10:19:35,199 INFO  org.apache.flink.client.CliFrontend                           -     com.grallandco.demos.ReadFromKafka
2020-10-22 10:19:35,199 INFO  org.apache.flink.client.CliFrontend                           -     ../Approximate/kafka-flink-consumer/target/kafka-flink-101-1.0-SNAPSHOT.jar
2020-10-22 10:19:35,200 INFO  org.apache.flink.client.CliFrontend                           -  Classpath: /home/liuke/flink-1.1.1/lib/flink-dist_2.11-1.1.1.jar:/home/liuke/flink-1.1.1/lib/flink-python_2.11-1.1.1.jar:/home/liuke/flink-1.1.1/lib/log4j-1.2.17.jar:/home/liuke/flink-1.1.1/lib/slf4j-log4j12-1.7.7.jar:::
2020-10-22 10:19:35,200 INFO  org.apache.flink.client.CliFrontend                           - --------------------------------------------------------------------------------
2020-10-22 10:19:35,200 INFO  org.apache.flink.client.CliFrontend                           - Using configuration directory /home/liuke/flink-1.1.1/conf
2020-10-22 10:19:35,200 INFO  org.apache.flink.client.CliFrontend                           - Trying to load configuration file
2020-10-22 10:19:35,365 INFO  org.apache.flink.client.CliFrontend                           - Running 'run' command.
2020-10-22 10:19:35,370 INFO  org.apache.flink.client.CliFrontend                           - Building program from JAR file
2020-10-22 10:19:35,393 INFO  org.apache.flink.client.CliFrontend                           - Cluster configuration: Standalone cluster with JobManager at /10.0.11.112:6123
2020-10-22 10:19:35,393 INFO  org.apache.flink.client.CliFrontend                           - Using address 10.0.11.112:6123 to connect to JobManager.
2020-10-22 10:19:35,393 INFO  org.apache.flink.client.CliFrontend                           - JobManager web interface address http://10.0.11.112:8081
2020-10-22 10:19:35,393 INFO  org.apache.flink.client.CliFrontend                           - Starting execution of program
2020-10-22 10:19:35,394 INFO  org.apache.flink.client.program.StandaloneClusterClient       - Starting program in interactive mode
2020-10-22 10:19:35,409 INFO  com.grallandco.demos.ReadFromKafka                            - Properties set {max.partition.fetch.bytes=2048, message.max.bytes=2048, bootstrap.servers=10.0.11.112:9092, group.id=flink_consumer}
2020-10-22 10:19:35,433 INFO  org.apache.kafka.clients.consumer.ConsumerConfig              - ConsumerConfig values: 
	metric.reporters = []
	metadata.max.age.ms = 300000
	value.deserializer = class org.apache.kafka.common.serialization.ByteArrayDeserializer
	group.id = flink_consumer
	partition.assignment.strategy = [org.apache.kafka.clients.consumer.RangeAssignor]
	reconnect.backoff.ms = 50
	sasl.kerberos.ticket.renew.window.factor = 0.8
	max.partition.fetch.bytes = 2048
	bootstrap.servers = [10.0.11.112:9092]
	retry.backoff.ms = 100
	sasl.kerberos.kinit.cmd = /usr/bin/kinit
	sasl.kerberos.service.name = null
	sasl.kerberos.ticket.renew.jitter = 0.05
	ssl.keystore.type = JKS
	ssl.trustmanager.algorithm = PKIX
	enable.auto.commit = true
	ssl.key.password = null
	fetch.max.wait.ms = 500
	sasl.kerberos.min.time.before.relogin = 60000
	connections.max.idle.ms = 540000
	ssl.truststore.password = null
	session.timeout.ms = 30000
	metrics.num.samples = 2
	client.id = 
	ssl.endpoint.identification.algorithm = null
	key.deserializer = class org.apache.kafka.common.serialization.ByteArrayDeserializer
	ssl.protocol = TLS
	check.crcs = true
	request.timeout.ms = 40000
	ssl.provider = null
	ssl.enabled.protocols = [TLSv1.2, TLSv1.1, TLSv1]
	ssl.keystore.location = null
	heartbeat.interval.ms = 3000
	auto.commit.interval.ms = 5000
	receive.buffer.bytes = 32768
	ssl.cipher.suites = null
	ssl.truststore.type = JKS
	security.protocol = PLAINTEXT
	ssl.truststore.location = null
	ssl.keystore.password = null
	ssl.keymanager.algorithm = SunX509
	metrics.sample.window.ms = 30000
	fetch.min.bytes = 1
	send.buffer.bytes = 131072
	auto.offset.reset = latest

2020-10-22 10:19:35,515 WARN  org.apache.kafka.clients.consumer.ConsumerConfig              - The configuration message.max.bytes = 2048 was supplied but isn't a known config.
2020-10-22 10:19:35,516 INFO  org.apache.kafka.common.utils.AppInfoParser                   - Kafka version : 0.9.0.1
2020-10-22 10:19:35,516 INFO  org.apache.kafka.common.utils.AppInfoParser                   - Kafka commitId : 23c69d62a0cabf06
2020-10-22 10:19:35,652 INFO  org.apache.flink.streaming.connectors.kafka.FlinkKafkaConsumer09  - Got 1 partitions from these topics: [flink-demo]
2020-10-22 10:19:35,652 INFO  org.apache.flink.streaming.connectors.kafka.FlinkKafkaConsumer09  - Consumer is going to read the following topics (with number of partitions): flink-demo (1), 
2020-10-22 10:19:35,771 INFO  org.apache.flink.client.program.StandaloneClusterClient       - Submitting job with JobID: f3fd30e22425ee209c5be10285323b7e. Waiting for job completion.
2020-10-22 10:19:35,771 INFO  org.apache.flink.client.program.StandaloneClusterClient       - Starting client actor system.
2020-10-22 10:19:36,095 INFO  akka.event.slf4j.Slf4jLogger                                  - Slf4jLogger started
2020-10-22 10:19:36,125 INFO  Remoting                                                      - Starting remoting
2020-10-22 10:19:36,230 INFO  Remoting                                                      - Remoting started; listening on addresses :[akka.tcp://flink@172.16.112.12:44463]
2020-10-22 10:19:36,238 INFO  org.apache.flink.runtime.client.JobClientActor                - Disconnect from JobManager null.
2020-10-22 10:19:36,244 INFO  org.apache.flink.runtime.client.JobClientActor                - Received job Flink Streaming Job (f3fd30e22425ee209c5be10285323b7e).
2020-10-22 10:19:36,244 INFO  org.apache.flink.runtime.client.JobClientActor                - Could not submit job Flink Streaming Job (f3fd30e22425ee209c5be10285323b7e), because there is no connection to a JobManager.
2020-10-22 10:19:36,334 INFO  org.apache.flink.runtime.client.JobClientActor                - Connect to JobManager Actor[akka.tcp://flink@10.0.11.112:6123/user/jobmanager#1338394078].
2020-10-22 10:19:36,334 INFO  org.apache.flink.runtime.client.JobClientActor                - Connected to new JobManager akka.tcp://flink@10.0.11.112:6123/user/jobmanager.
2020-10-22 10:19:36,337 INFO  org.apache.flink.runtime.client.JobClientActor                - Sending message to JobManager akka.tcp://flink@10.0.11.112:6123/user/jobmanager to submit job Flink Streaming Job (f3fd30e22425ee209c5be10285323b7e) and wait for progress
2020-10-22 10:19:36,339 INFO  org.apache.flink.runtime.client.JobClientActor                - Upload jar files to job manager akka.tcp://flink@10.0.11.112:6123/user/jobmanager.
2020-10-22 10:19:36,448 INFO  org.apache.flink.runtime.client.JobClientActor                - Submit job to the job manager akka.tcp://flink@10.0.11.112:6123/user/jobmanager.
2020-10-22 10:19:36,463 INFO  org.apache.flink.runtime.client.JobClientActor                - Job was successfully submitted to the JobManager akka.tcp://flink@10.0.11.112:6123/user/jobmanager.
2020-10-22 10:19:36,466 INFO  org.apache.flink.runtime.client.JobClientActor                - 10/22/2020 10:19:36	Job execution switched to status RUNNING.
2020-10-22 10:19:36,469 INFO  org.apache.flink.runtime.client.JobClientActor                - 10/22/2020 10:19:36	Source: Custom Source -> Flat Map -> Sink: Unnamed(1/1) switched to SCHEDULED 
2020-10-22 10:19:36,470 INFO  org.apache.flink.runtime.client.JobClientActor                - 10/22/2020 10:19:36	Source: Custom Source -> Flat Map -> Sink: Unnamed(1/1) switched to DEPLOYING 
2020-10-22 10:19:36,603 INFO  org.apache.flink.runtime.client.JobClientActor                - 10/22/2020 10:19:36	Source: Custom Source -> Flat Map -> Sink: Unnamed(1/1) switched to RUNNING 
2020-10-23 08:01:01,308 INFO  org.apache.flink.runtime.client.JobClientActor                - 10/23/2020 08:01:01	Source: Custom Source -> Flat Map -> Sink: Unnamed(1/1) switched to FAILED 
java.lang.Exception: The slot in which the task was executed has been released. Probably loss of TaskManager 47e6a44c934c9f0733f52bdfd0a68586 @ dl16bf3 - 1 slots - URL: akka.tcp://flink@10.0.11.116:45164/user/taskmanager
	at org.apache.flink.runtime.instance.SimpleSlot.releaseSlot(SimpleSlot.java:153)
	at org.apache.flink.runtime.instance.SlotSharingGroupAssignment.releaseSharedSlot(SlotSharingGroupAssignment.java:547)
	at org.apache.flink.runtime.instance.SharedSlot.releaseSlot(SharedSlot.java:119)
	at org.apache.flink.runtime.instance.Instance.markDead(Instance.java:167)
	at org.apache.flink.runtime.instance.InstanceManager.unregisterTaskManager(InstanceManager.java:225)
	at org.apache.flink.runtime.jobmanager.JobManager.org$apache$flink$runtime$jobmanager$JobManager$$handleTaskManagerTerminated(JobManager.scala:1034)
	at org.apache.flink.runtime.jobmanager.JobManager$$anonfun$handleMessage$1.applyOrElse(JobManager.scala:951)
	at scala.runtime.AbstractPartialFunction.apply(AbstractPartialFunction.scala:36)
	at org.apache.flink.runtime.LeaderSessionMessageFilter$$anonfun$receive$1.applyOrElse(LeaderSessionMessageFilter.scala:44)
	at scala.runtime.AbstractPartialFunction.apply(AbstractPartialFunction.scala:36)
	at org.apache.flink.runtime.LogMessages$$anon$1.apply(LogMessages.scala:33)
	at org.apache.flink.runtime.LogMessages$$anon$1.apply(LogMessages.scala:28)
	at scala.PartialFunction$class.applyOrElse(PartialFunction.scala:123)
	at org.apache.flink.runtime.LogMessages$$anon$1.applyOrElse(LogMessages.scala:28)
	at akka.actor.Actor$class.aroundReceive(Actor.scala:465)
	at org.apache.flink.runtime.jobmanager.JobManager.aroundReceive(JobManager.scala:121)
	at akka.actor.ActorCell.receiveMessage(ActorCell.scala:516)
	at akka.actor.dungeon.DeathWatch$class.receivedTerminated(DeathWatch.scala:46)
	at akka.actor.ActorCell.receivedTerminated(ActorCell.scala:369)
	at akka.actor.ActorCell.autoReceiveMessage(ActorCell.scala:501)
	at akka.actor.ActorCell.invoke(ActorCell.scala:486)
	at akka.dispatch.Mailbox.processMailbox(Mailbox.scala:254)
	at akka.dispatch.Mailbox.run(Mailbox.scala:221)
	at akka.dispatch.Mailbox.exec(Mailbox.scala:231)
	at scala.concurrent.forkjoin.ForkJoinTask.doExec(ForkJoinTask.java:260)
	at scala.concurrent.forkjoin.ForkJoinPool$WorkQueue.runTask(ForkJoinPool.java:1339)
	at scala.concurrent.forkjoin.ForkJoinPool.runWorker(ForkJoinPool.java:1979)
	at scala.concurrent.forkjoin.ForkJoinWorkerThread.run(ForkJoinWorkerThread.java:107)

2020-10-23 08:01:01,315 INFO  org.apache.flink.runtime.client.JobClientActor                - 10/23/2020 08:01:01	Job execution switched to status FAILING.
java.lang.Exception: The slot in which the task was executed has been released. Probably loss of TaskManager 47e6a44c934c9f0733f52bdfd0a68586 @ dl16bf3 - 1 slots - URL: akka.tcp://flink@10.0.11.116:45164/user/taskmanager
	at org.apache.flink.runtime.instance.SimpleSlot.releaseSlot(SimpleSlot.java:153)
	at org.apache.flink.runtime.instance.SlotSharingGroupAssignment.releaseSharedSlot(SlotSharingGroupAssignment.java:547)
	at org.apache.flink.runtime.instance.SharedSlot.releaseSlot(SharedSlot.java:119)
	at org.apache.flink.runtime.instance.Instance.markDead(Instance.java:167)
	at org.apache.flink.runtime.instance.InstanceManager.unregisterTaskManager(InstanceManager.java:225)
	at org.apache.flink.runtime.jobmanager.JobManager.org$apache$flink$runtime$jobmanager$JobManager$$handleTaskManagerTerminated(JobManager.scala:1034)
	at org.apache.flink.runtime.jobmanager.JobManager$$anonfun$handleMessage$1.applyOrElse(JobManager.scala:951)
	at scala.runtime.AbstractPartialFunction.apply(AbstractPartialFunction.scala:36)
	at org.apache.flink.runtime.LeaderSessionMessageFilter$$anonfun$receive$1.applyOrElse(LeaderSessionMessageFilter.scala:44)
	at scala.runtime.AbstractPartialFunction.apply(AbstractPartialFunction.scala:36)
	at org.apache.flink.runtime.LogMessages$$anon$1.apply(LogMessages.scala:33)
	at org.apache.flink.runtime.LogMessages$$anon$1.apply(LogMessages.scala:28)
	at scala.PartialFunction$class.applyOrElse(PartialFunction.scala:123)
	at org.apache.flink.runtime.LogMessages$$anon$1.applyOrElse(LogMessages.scala:28)
	at akka.actor.Actor$class.aroundReceive(Actor.scala:465)
	at org.apache.flink.runtime.jobmanager.JobManager.aroundReceive(JobManager.scala:121)
	at akka.actor.ActorCell.receiveMessage(ActorCell.scala:516)
	at akka.actor.dungeon.DeathWatch$class.receivedTerminated(DeathWatch.scala:46)
	at akka.actor.ActorCell.receivedTerminated(ActorCell.scala:369)
	at akka.actor.ActorCell.autoReceiveMessage(ActorCell.scala:501)
	at akka.actor.ActorCell.invoke(ActorCell.scala:486)
	at akka.dispatch.Mailbox.processMailbox(Mailbox.scala:254)
	at akka.dispatch.Mailbox.run(Mailbox.scala:221)
	at akka.dispatch.Mailbox.exec(Mailbox.scala:231)
	at scala.concurrent.forkjoin.ForkJoinTask.doExec(ForkJoinTask.java:260)
	at scala.concurrent.forkjoin.ForkJoinPool$WorkQueue.runTask(ForkJoinPool.java:1339)
	at scala.concurrent.forkjoin.ForkJoinPool.runWorker(ForkJoinPool.java:1979)
	at scala.concurrent.forkjoin.ForkJoinWorkerThread.run(ForkJoinWorkerThread.java:107)
2020-10-23 08:01:01,319 INFO  org.apache.flink.runtime.client.JobClientActor                - 10/23/2020 08:01:01	Job execution switched to status FAILED.
2020-10-23 08:01:01,322 INFO  org.apache.flink.runtime.client.JobClientActor                - Terminate JobClientActor.
2020-10-23 08:01:01,322 INFO  org.apache.flink.runtime.client.JobClientActor                - Disconnect from JobManager Actor[akka.tcp://flink@10.0.11.112:6123/user/jobmanager#1338394078].
2020-10-23 08:01:01,323 INFO  org.apache.flink.runtime.client.JobClient                     - Job execution failed
2020-10-23 08:01:01,325 ERROR org.apache.flink.client.CliFrontend                           - Error while running the command.
org.apache.flink.client.program.ProgramInvocationException: The program execution failed: Job execution failed.
	at org.apache.flink.client.program.ClusterClient.run(ClusterClient.java:413)
	at org.apache.flink.client.program.StandaloneClusterClient.submitJob(StandaloneClusterClient.java:92)
	at org.apache.flink.client.program.ClusterClient.run(ClusterClient.java:389)
	at org.apache.flink.streaming.api.environment.StreamContextEnvironment.execute(StreamContextEnvironment.java:68)
	at org.apache.flink.streaming.api.environment.StreamExecutionEnvironment.execute(StreamExecutionEnvironment.java:1429)
	at com.grallandco.demos.ReadFromKafka.main(ReadFromKafka.java:107)
	at sun.reflect.NativeMethodAccessorImpl.invoke0(Native Method)
	at sun.reflect.NativeMethodAccessorImpl.invoke(NativeMethodAccessorImpl.java:62)
	at sun.reflect.DelegatingMethodAccessorImpl.invoke(DelegatingMethodAccessorImpl.java:43)
	at java.lang.reflect.Method.invoke(Method.java:498)
	at org.apache.flink.client.program.PackagedProgram.callMainMethod(PackagedProgram.java:509)
	at org.apache.flink.client.program.PackagedProgram.invokeInteractiveModeForExecution(PackagedProgram.java:403)
	at org.apache.flink.client.program.ClusterClient.run(ClusterClient.java:331)
	at org.apache.flink.client.CliFrontend.executeProgram(CliFrontend.java:777)
	at org.apache.flink.client.CliFrontend.run(CliFrontend.java:253)
	at org.apache.flink.client.CliFrontend.parseParameters(CliFrontend.java:1005)
	at org.apache.flink.client.CliFrontend.main(CliFrontend.java:1048)
Caused by: org.apache.flink.runtime.client.JobExecutionException: Job execution failed.
	at org.apache.flink.runtime.jobmanager.JobManager$$anonfun$handleMessage$1$$anonfun$applyOrElse$7.apply$mcV$sp(JobManager.scala:822)
	at org.apache.flink.runtime.jobmanager.JobManager$$anonfun$handleMessage$1$$anonfun$applyOrElse$7.apply(JobManager.scala:768)
	at org.apache.flink.runtime.jobmanager.JobManager$$anonfun$handleMessage$1$$anonfun$applyOrElse$7.apply(JobManager.scala:768)
	at scala.concurrent.impl.Future$PromiseCompletingRunnable.liftedTree1$1(Future.scala:24)
	at scala.concurrent.impl.Future$PromiseCompletingRunnable.run(Future.scala:24)
	at akka.dispatch.TaskInvocation.run(AbstractDispatcher.scala:41)
	at akka.dispatch.ForkJoinExecutorConfigurator$AkkaForkJoinTask.exec(AbstractDispatcher.scala:401)
	at scala.concurrent.forkjoin.ForkJoinTask.doExec(ForkJoinTask.java:260)
	at scala.concurrent.forkjoin.ForkJoinPool$WorkQueue.pollAndExecAll(ForkJoinPool.java:1253)
	at scala.concurrent.forkjoin.ForkJoinPool$WorkQueue.runTask(ForkJoinPool.java:1346)
	at scala.concurrent.forkjoin.ForkJoinPool.runWorker(ForkJoinPool.java:1979)
	at scala.concurrent.forkjoin.ForkJoinWorkerThread.run(ForkJoinWorkerThread.java:107)
Caused by: java.lang.Exception: The slot in which the task was executed has been released. Probably loss of TaskManager 47e6a44c934c9f0733f52bdfd0a68586 @ dl16bf3 - 1 slots - URL: akka.tcp://flink@10.0.11.116:45164/user/taskmanager
	at org.apache.flink.runtime.instance.SimpleSlot.releaseSlot(SimpleSlot.java:153)
	at org.apache.flink.runtime.instance.SlotSharingGroupAssignment.releaseSharedSlot(SlotSharingGroupAssignment.java:547)
	at org.apache.flink.runtime.instance.SharedSlot.releaseSlot(SharedSlot.java:119)
	at org.apache.flink.runtime.instance.Instance.markDead(Instance.java:167)
	at org.apache.flink.runtime.instance.InstanceManager.unregisterTaskManager(InstanceManager.java:225)
	at org.apache.flink.runtime.jobmanager.JobManager.org$apache$flink$runtime$jobmanager$JobManager$$handleTaskManagerTerminated(JobManager.scala:1034)
	at org.apache.flink.runtime.jobmanager.JobManager$$anonfun$handleMessage$1.applyOrElse(JobManager.scala:951)
	at scala.runtime.AbstractPartialFunction.apply(AbstractPartialFunction.scala:36)
	at org.apache.flink.runtime.LeaderSessionMessageFilter$$anonfun$receive$1.applyOrElse(LeaderSessionMessageFilter.scala:44)
	at scala.runtime.AbstractPartialFunction.apply(AbstractPartialFunction.scala:36)
	at org.apache.flink.runtime.LogMessages$$anon$1.apply(LogMessages.scala:33)
	at org.apache.flink.runtime.LogMessages$$anon$1.apply(LogMessages.scala:28)
	at scala.PartialFunction$class.applyOrElse(PartialFunction.scala:123)
	at org.apache.flink.runtime.LogMessages$$anon$1.applyOrElse(LogMessages.scala:28)
	at akka.actor.Actor$class.aroundReceive(Actor.scala:465)
	at org.apache.flink.runtime.jobmanager.JobManager.aroundReceive(JobManager.scala:121)
	at akka.actor.ActorCell.receiveMessage(ActorCell.scala:516)
	at akka.actor.dungeon.DeathWatch$class.receivedTerminated(DeathWatch.scala:46)
	at akka.actor.ActorCell.receivedTerminated(ActorCell.scala:369)
	at akka.actor.ActorCell.autoReceiveMessage(ActorCell.scala:501)
	at akka.actor.ActorCell.invoke(ActorCell.scala:486)
	at akka.dispatch.Mailbox.processMailbox(Mailbox.scala:254)
	at akka.dispatch.Mailbox.run(Mailbox.scala:221)
	at akka.dispatch.Mailbox.exec(Mailbox.scala:231)
	at scala.concurrent.forkjoin.ForkJoinTask.doExec(ForkJoinTask.java:260)
	at scala.concurrent.forkjoin.ForkJoinPool$WorkQueue.runTask(ForkJoinPool.java:1339)
	... 2 more
2020-10-23 08:01:01,338 INFO  akka.remote.RemoteActorRefProvider$RemotingTerminator         - Shutting down remote daemon.
2020-10-23 08:01:01,339 INFO  akka.remote.RemoteActorRefProvider$RemotingTerminator         - Remote daemon shut down; proceeding with flushing remote transports.
2020-10-23 08:01:01,361 INFO  akka.remote.RemoteActorRefProvider$RemotingTerminator         - Remoting shut down.
