2020-10-29 16:42:56,743 INFO  org.apache.flink.client.CliFrontend                           - --------------------------------------------------------------------------------
2020-10-29 16:42:56,744 INFO  org.apache.flink.client.CliFrontend                           -  Starting Command Line Client (Version: 1.1.1, Rev:61bfb36, Date:09.08.2016 @ 12:09:08 UTC)
2020-10-29 16:42:56,744 INFO  org.apache.flink.client.CliFrontend                           -  Current user: root
2020-10-29 16:42:56,744 INFO  org.apache.flink.client.CliFrontend                           -  JVM: Java HotSpot(TM) 64-Bit Server VM - Oracle Corporation - 1.8/25.211-b12
2020-10-29 16:42:56,744 INFO  org.apache.flink.client.CliFrontend                           -  Maximum heap size: 27305 MiBytes
2020-10-29 16:42:56,744 INFO  org.apache.flink.client.CliFrontend                           -  JAVA_HOME: (not set)
2020-10-29 16:42:56,746 INFO  org.apache.flink.client.CliFrontend                           -  Hadoop version: 2.7.2
2020-10-29 16:42:56,746 INFO  org.apache.flink.client.CliFrontend                           -  JVM Options:
2020-10-29 16:42:56,746 INFO  org.apache.flink.client.CliFrontend                           -     -Dlog.file=/home/liuke/flink-1.1.1/log/flink-root-client-dl22.log
2020-10-29 16:42:56,746 INFO  org.apache.flink.client.CliFrontend                           -     -Dlog4j.configuration=file:/home/liuke/flink-1.1.1/conf/log4j-cli.properties
2020-10-29 16:42:56,746 INFO  org.apache.flink.client.CliFrontend                           -     -Dlogback.configurationFile=file:/home/liuke/flink-1.1.1/conf/logback.xml
2020-10-29 16:42:56,746 INFO  org.apache.flink.client.CliFrontend                           -  Program Arguments:
2020-10-29 16:42:56,746 INFO  org.apache.flink.client.CliFrontend                           -     run
2020-10-29 16:42:56,746 INFO  org.apache.flink.client.CliFrontend                           -     --class
2020-10-29 16:42:56,746 INFO  org.apache.flink.client.CliFrontend                           -     com.grallandco.demos.ReadFromKafka
2020-10-29 16:42:56,747 INFO  org.apache.flink.client.CliFrontend                           -     ../Approximate/kafka-flink-consumer-dummy/target/kafka-flink-101-1.6-SNAPSHOT.jar
2020-10-29 16:42:56,747 INFO  org.apache.flink.client.CliFrontend                           -     testing_file
2020-10-29 16:42:56,747 INFO  org.apache.flink.client.CliFrontend                           -  Classpath: /home/liuke/flink-1.1.1/lib/flink-dist_2.11-1.1.1.jar:/home/liuke/flink-1.1.1/lib/flink-python_2.11-1.1.1.jar:/home/liuke/flink-1.1.1/lib/log4j-1.2.17.jar:/home/liuke/flink-1.1.1/lib/slf4j-log4j12-1.7.7.jar:::
2020-10-29 16:42:56,747 INFO  org.apache.flink.client.CliFrontend                           - --------------------------------------------------------------------------------
2020-10-29 16:42:56,747 INFO  org.apache.flink.client.CliFrontend                           - Using configuration directory /home/liuke/flink-1.1.1/conf
2020-10-29 16:42:56,747 INFO  org.apache.flink.client.CliFrontend                           - Trying to load configuration file
2020-10-29 16:42:56,886 INFO  org.apache.flink.client.CliFrontend                           - Running 'run' command.
2020-10-29 16:42:56,890 INFO  org.apache.flink.client.CliFrontend                           - Building program from JAR file
2020-10-29 16:42:56,910 INFO  org.apache.flink.client.CliFrontend                           - Cluster configuration: Standalone cluster with JobManager at /10.0.11.22:6123
2020-10-29 16:42:56,910 INFO  org.apache.flink.client.CliFrontend                           - Using address 10.0.11.22:6123 to connect to JobManager.
2020-10-29 16:42:56,910 INFO  org.apache.flink.client.CliFrontend                           - JobManager web interface address http://10.0.11.22:8081
2020-10-29 16:42:56,910 INFO  org.apache.flink.client.CliFrontend                           - Starting execution of program
2020-10-29 16:42:56,910 INFO  org.apache.flink.client.program.StandaloneClusterClient       - Starting program in interactive mode
2020-10-29 16:42:56,924 INFO  com.grallandco.demos.ReadFromKafka                            - Properties set {max.partition.fetch.bytes=2048, message.max.bytes=2048, bootstrap.servers=10.0.11.112:9092, group.id=flink_consumer}
2020-10-29 16:42:56,945 INFO  org.apache.kafka.clients.consumer.ConsumerConfig              - ConsumerConfig values: 
	metric.reporters = []
	metadata.max.age.ms = 300000
	value.deserializer = class org.apache.kafka.common.serialization.ByteArrayDeserializer
	group.id = flink_consumer
	partition.assignment.strategy = [org.apache.kafka.clients.consumer.RangeAssignor]
	reconnect.backoff.ms = 50
	sasl.kerberos.ticket.renew.window.factor = 0.8
	max.partition.fetch.bytes = 2048
	bootstrap.servers = [10.0.11.112:9092]
	retry.backoff.ms = 100
	sasl.kerberos.kinit.cmd = /usr/bin/kinit
	sasl.kerberos.service.name = null
	sasl.kerberos.ticket.renew.jitter = 0.05
	ssl.keystore.type = JKS
	ssl.trustmanager.algorithm = PKIX
	enable.auto.commit = true
	ssl.key.password = null
	fetch.max.wait.ms = 500
	sasl.kerberos.min.time.before.relogin = 60000
	connections.max.idle.ms = 540000
	ssl.truststore.password = null
	session.timeout.ms = 30000
	metrics.num.samples = 2
	client.id = 
	ssl.endpoint.identification.algorithm = null
	key.deserializer = class org.apache.kafka.common.serialization.ByteArrayDeserializer
	ssl.protocol = TLS
	check.crcs = true
	request.timeout.ms = 40000
	ssl.provider = null
	ssl.enabled.protocols = [TLSv1.2, TLSv1.1, TLSv1]
	ssl.keystore.location = null
	heartbeat.interval.ms = 3000
	auto.commit.interval.ms = 5000
	receive.buffer.bytes = 32768
	ssl.cipher.suites = null
	ssl.truststore.type = JKS
	security.protocol = PLAINTEXT
	ssl.truststore.location = null
	ssl.keystore.password = null
	ssl.keymanager.algorithm = SunX509
	metrics.sample.window.ms = 30000
	fetch.min.bytes = 1
	send.buffer.bytes = 131072
	auto.offset.reset = latest

2020-10-29 16:42:57,051 WARN  org.apache.kafka.clients.consumer.ConsumerConfig              - The configuration message.max.bytes = 2048 was supplied but isn't a known config.
2020-10-29 16:42:57,052 INFO  org.apache.kafka.common.utils.AppInfoParser                   - Kafka version : 0.9.0.1
2020-10-29 16:42:57,052 INFO  org.apache.kafka.common.utils.AppInfoParser                   - Kafka commitId : 23c69d62a0cabf06
2020-10-29 16:42:57,189 INFO  org.apache.flink.streaming.connectors.kafka.FlinkKafkaConsumer09  - Got 1 partitions from these topics: [flink-demo]
2020-10-29 16:42:57,189 INFO  org.apache.flink.streaming.connectors.kafka.FlinkKafkaConsumer09  - Consumer is going to read the following topics (with number of partitions): flink-demo (1), 
2020-10-29 16:42:57,320 INFO  org.apache.flink.client.program.StandaloneClusterClient       - Submitting job with JobID: 01786810fdc2e283f64accf91d440b7f. Waiting for job completion.
2020-10-29 16:42:57,320 INFO  org.apache.flink.client.program.StandaloneClusterClient       - Starting client actor system.
2020-10-29 16:42:57,612 INFO  akka.event.slf4j.Slf4jLogger                                  - Slf4jLogger started
2020-10-29 16:42:57,646 INFO  Remoting                                                      - Starting remoting
2020-10-29 16:42:57,762 INFO  Remoting                                                      - Remoting started; listening on addresses :[akka.tcp://flink@127.0.1.1:39055]
2020-10-29 16:42:57,774 INFO  org.apache.flink.runtime.client.JobClientActor                - Disconnect from JobManager null.
2020-10-29 16:42:57,780 INFO  org.apache.flink.runtime.client.JobClientActor                - Received job Flink Streaming Job (01786810fdc2e283f64accf91d440b7f).
2020-10-29 16:42:57,780 INFO  org.apache.flink.runtime.client.JobClientActor                - Could not submit job Flink Streaming Job (01786810fdc2e283f64accf91d440b7f), because there is no connection to a JobManager.
2020-10-29 16:42:57,889 INFO  org.apache.flink.runtime.client.JobClientActor                - Connect to JobManager Actor[akka.tcp://flink@10.0.11.22:6123/user/jobmanager#-1606855882].
2020-10-29 16:42:57,889 INFO  org.apache.flink.runtime.client.JobClientActor                - Connected to new JobManager akka.tcp://flink@10.0.11.22:6123/user/jobmanager.
2020-10-29 16:42:57,895 INFO  org.apache.flink.runtime.client.JobClientActor                - Sending message to JobManager akka.tcp://flink@10.0.11.22:6123/user/jobmanager to submit job Flink Streaming Job (01786810fdc2e283f64accf91d440b7f) and wait for progress
2020-10-29 16:42:57,897 INFO  org.apache.flink.runtime.client.JobClientActor                - Upload jar files to job manager akka.tcp://flink@10.0.11.22:6123/user/jobmanager.
2020-10-29 16:42:58,005 INFO  org.apache.flink.runtime.client.JobClientActor                - Submit job to the job manager akka.tcp://flink@10.0.11.22:6123/user/jobmanager.
2020-10-29 16:42:58,085 INFO  org.apache.flink.runtime.client.JobClientActor                - Job was successfully submitted to the JobManager akka.tcp://flink@10.0.11.22:6123/user/jobmanager.
2020-10-29 16:42:58,089 INFO  org.apache.flink.runtime.client.JobClientActor                - 10/29/2020 16:42:58	Job execution switched to status RUNNING.
2020-10-29 16:42:58,092 INFO  org.apache.flink.runtime.client.JobClientActor                - 10/29/2020 16:42:58	Source: Custom Source -> Flat Map(1/1) switched to SCHEDULED 
2020-10-29 16:42:58,094 INFO  org.apache.flink.runtime.client.JobClientActor                - 10/29/2020 16:42:58	Source: Custom Source -> Flat Map(1/1) switched to DEPLOYING 
2020-10-29 16:42:58,095 INFO  org.apache.flink.runtime.client.JobClientActor                - 10/29/2020 16:42:58	Flat Map(1/3) switched to SCHEDULED 
2020-10-29 16:42:58,096 INFO  org.apache.flink.runtime.client.JobClientActor                - 10/29/2020 16:42:58	Flat Map(1/3) switched to DEPLOYING 
2020-10-29 16:42:58,097 INFO  org.apache.flink.runtime.client.JobClientActor                - 10/29/2020 16:42:58	Flat Map(2/3) switched to SCHEDULED 
2020-10-29 16:42:58,097 INFO  org.apache.flink.runtime.client.JobClientActor                - 10/29/2020 16:42:58	Flat Map(2/3) switched to DEPLOYING 
2020-10-29 16:42:58,099 INFO  org.apache.flink.runtime.client.JobClientActor                - 10/29/2020 16:42:58	Flat Map(3/3) switched to SCHEDULED 
2020-10-29 16:42:58,100 INFO  org.apache.flink.runtime.client.JobClientActor                - 10/29/2020 16:42:58	Flat Map(3/3) switched to DEPLOYING 
2020-10-29 16:42:58,106 INFO  org.apache.flink.runtime.client.JobClientActor                - 10/29/2020 16:42:58	Sink: Unnamed(1/1) switched to SCHEDULED 
2020-10-29 16:42:58,108 INFO  org.apache.flink.runtime.client.JobClientActor                - 10/29/2020 16:42:58	Sink: Unnamed(1/1) switched to DEPLOYING 
2020-10-29 16:42:58,267 INFO  org.apache.flink.runtime.client.JobClientActor                - 10/29/2020 16:42:58	Sink: Unnamed(1/1) switched to RUNNING 
2020-10-29 16:42:58,267 INFO  org.apache.flink.runtime.client.JobClientActor                - 10/29/2020 16:42:58	Flat Map(3/3) switched to RUNNING 
2020-10-29 16:42:58,329 INFO  org.apache.flink.runtime.client.JobClientActor                - 10/29/2020 16:42:58	Flat Map(2/3) switched to RUNNING 
2020-10-29 16:42:58,366 INFO  org.apache.flink.runtime.client.JobClientActor                - 10/29/2020 16:42:58	Source: Custom Source -> Flat Map(1/1) switched to RUNNING 
2020-10-29 16:42:58,366 INFO  org.apache.flink.runtime.client.JobClientActor                - 10/29/2020 16:42:58	Flat Map(1/3) switched to RUNNING 
